[0524/003245:ERROR:scoped_process_suspend.cc(38)] NtResumeProcess, ntstatus=-1073741558
[0524/003245:ERROR:process_reader_win.cc(141)] SuspendThread: 拒绝访问。 (0x5)
[0524/003245:ERROR:process_reader_win.cc(141)] SuspendThread: 拒绝访问。 (0x5)
[0524/003245:ERROR:process_reader_win.cc(141)] SuspendThread: 拒绝访问。 (0x5)
[0524/003245:ERROR:process_reader_win.cc(141)] SuspendThread: 拒绝访问。 (0x5)
[0524/003245:ERROR:process_reader_win.cc(141)] SuspendThread: 拒绝访问。 (0x5)
[0524/003245:ERROR:process_reader_win.cc(232)] ReadMemory at 0x572c0000 of 64 bytes failed: 仅完成部分的 ReadProcessMemory 或 WriteProcessMemory 请求。 (0x12B)
[0524/003245:WARNING:pe_image_reader.cc(280)] could not read dos header from C:\WINDOWS\AppPatch\AcGenral.dll
[0524/003245:ERROR:process_reader_win.cc(232)] ReadMemory at 0x6ab10000 of 64 bytes failed: 仅完成部分的 ReadProcessMemory 或 WriteProcessMemory 请求。 (0x12B)
[0524/003245:WARNING:pe_image_reader.cc(280)] could not read dos header from C:\WINDOWS\system32\apphelp.dll
[0524/003245:ERROR:process_reader_win.cc(232)] ReadMemory at 0x747d0000 of 64 bytes failed: 仅完成部分的 ReadProcessMemory 或 WriteProcessMemory 请求。 (0x12B)
[0524/003245:WARNING:pe_image_reader.cc(280)] could not read dos header from C:\WINDOWS\System32\msvcrt.dll
[0524/003245:ERROR:process_reader_win.cc(232)] ReadMemory at 0x74c20000 of 64 bytes failed: 仅完成部分的 ReadProcessMemory 或 WriteProcessMemory 请求。 (0x12B)
[0524/003245:WARNING:pe_image_reader.cc(280)] could not read dos header from C:\WINDOWS\System32\bcryptPrimitives.dll
[0524/003245:ERROR:process_reader_win.cc(232)] ReadMemory at 0x73a40000 of 64 bytes failed: 仅完成部分的 ReadProcessMemory 或 WriteProcessMemory 请求。 (0x12B)
[0524/003245:WARNING:pe_image_reader.cc(280)] could not read dos header from C:\WINDOWS\System32\CRYPTBASE.dll
[0524/003245:ERROR:process_reader_win.cc(232)] ReadMemory at 0x73a50000 of 64 bytes failed: 仅完成部分的 ReadProcessMemory 或 WriteProcessMemory 请求。 (0x12B)
[0524/003245:WARNING:pe_image_reader.cc(280)] could not read dos header from C:\WINDOWS\System32\SspiCli.dll
[0524/003245:ERROR:process_reader_win.cc(232)] ReadMemory at 0x74360000 of 64 bytes failed: 仅完成部分的 ReadProcessMemory 或 WriteProcessMemory 请求。 (0x12B)
[0524/003245:WARNING:pe_image_reader.cc(280)] could not read dos header from C:\WINDOWS\System32\RPCRT4.dll
[0524/003245:ERROR:process_reader_win.cc(232)] ReadMemory at 0x74a40000 of 64 bytes failed: 仅完成部分的 ReadProcessMemory 或 WriteProcessMemory 请求。 (0x12B)
[0524/003245:WARNING:pe_image_reader.cc(280)] could not read dos header from C:\WINDOWS\System32\sechost.dll
[0524/003245:ERROR:process_reader_win.cc(232)] ReadMemory at 0x74890000 of 64 bytes failed: 仅完成部分的 ReadProcessMemory 或 WriteProcessMemory 请求。 (0x12B)
[0524/003245:WARNING:pe_image_reader.cc(280)] could not read dos header from C:\WINDOWS\System32\ucrtbase.dll
[0524/003245:ERROR:process_reader_win.cc(232)] ReadMemory at 0x74140000 of 64 bytes failed: 仅完成部分的 ReadProcessMemory 或 WriteProcessMemory 请求。 (0x12B)
[0524/003245:WARNING:pe_image_reader.cc(280)] could not read dos header from C:\WINDOWS\System32\combase.dll
[0524/003245:ERROR:process_reader_win.cc(232)] ReadMemory at 0x74d10000 of 64 bytes failed: 仅完成部分的 ReadProcessMemory 或 WriteProcessMemory 请求。 (0x12B)
[0524/003245:WARNING:pe_image_reader.cc(280)] could not read dos header from C:\WINDOWS\System32\win32u.dll
[0524/003245:ERROR:process_reader_win.cc(232)] ReadMemory at 0x744a0000 of 64 bytes failed: 仅完成部分的 ReadProcessMemory 或 WriteProcessMemory 请求。 (0x12B)
[0524/003245:WARNING:pe_image_reader.cc(280)] could not read dos header from C:\WINDOWS\System32\USER32.dll
[0524/003245:ERROR:process_reader_win.cc(232)] ReadMemory at 0x74e20000 of 64 bytes failed: 仅完成部分的 ReadProcessMemory 或 WriteProcessMemory 请求。 (0x12B)
[0524/003245:WARNING:pe_image_reader.cc(280)] could not read dos header from C:\WINDOWS\System32\gdi32full.dll
[0524/003245:ERROR:process_reader_win.cc(232)] ReadMemory at 0x74970000 of 64 bytes failed: 仅完成部分的 ReadProcessMemory 或 WriteProcessMemory 请求。 (0x12B)
[0524/003245:WARNING:pe_image_reader.cc(280)] could not read dos header from C:\WINDOWS\System32\GDI32.dll
[0524/003245:ERROR:process_reader_win.cc(232)] ReadMemory at 0x76780000 of 64 bytes failed: 仅完成部分的 ReadProcessMemory 或 WriteProcessMemory 请求。 (0x12B)
[0524/003245:WARNING:pe_image_reader.cc(280)] could not read dos header from C:\WINDOWS\System32\IMM32.DLL
[0524/003245:ERROR:process_reader_win.cc(232)] ReadMemory at 0x75330000 of 64 bytes failed: 仅完成部分的 ReadProcessMemory 或 WriteProcessMemory 请求。 (0x12B)
[0524/003245:WARNING:pe_image_reader.cc(280)] could not read dos header from C:\WINDOWS\System32\SHLWAPI.dll
[0524/003245:ERROR:process_reader_win.cc(232)] ReadMemory at 0x71220000 of 64 bytes failed: 仅完成部分的 ReadProcessMemory 或 WriteProcessMemory 请求。 (0x12B)
[0524/003245:WARNING:pe_image_reader.cc(280)] could not read dos header from C:\WINDOWS\SYSTEM32\UxTheme.dll
[0524/003245:ERROR:process_reader_win.cc(232)] ReadMemory at 0x73ce0000 of 64 bytes failed: 仅完成部分的 ReadProcessMemory 或 WriteProcessMemory 请求。 (0x12B)
[0524/003245:WARNING:pe_image_reader.cc(280)] could not read dos header from C:\WINDOWS\System32\cfgmgr32.dll
[0524/003245:ERROR:process_reader_win.cc(232)] ReadMemory at 0x72d00000 of 64 bytes failed: 仅完成部分的 ReadProcessMemory 或 WriteProcessMemory 请求。 (0x12B)
[0524/003245:WARNING:pe_image_reader.cc(280)] could not read dos header from C:\WINDOWS\SYSTEM32\WINMMBASE.dll
[0524/003245:ERROR:process_reader_win.cc(232)] ReadMemory at 0x72d30000 of 64 bytes failed: 仅完成部分的 ReadProcessMemory 或 WriteProcessMemory 请求。 (0x12B)
[0524/003245:WARNING:pe_image_reader.cc(280)] could not read dos header from C:\WINDOWS\SYSTEM32\WINMM.dll
[0524/003245:ERROR:process_reader_win.cc(232)] ReadMemory at 0x72c00000 of 64 bytes failed: 仅完成部分的 ReadProcessMemory 或 WriteProcessMemory 请求。 (0x12B)
[0524/003245:WARNING:pe_image_reader.cc(280)] could not read dos header from C:\WINDOWS\SYSTEM32\samcli.dll
[0524/003245:ERROR:process_reader_win.cc(232)] ReadMemory at 0x74a90000 of 64 bytes failed: 仅完成部分的 ReadProcessMemory 或 WriteProcessMemory 请求。 (0x12B)
[0524/003245:WARNING:pe_image_reader.cc(280)] could not read dos header from C:\WINDOWS\System32\ole32.dll
[0524/003245:ERROR:process_reader_win.cc(232)] ReadMemory at 0x74d30000 of 64 bytes failed: 仅完成部分的 ReadProcessMemory 或 WriteProcessMemory 请求。 (0x12B)
[0524/003245:WARNING:pe_image_reader.cc(280)] could not read dos header from C:\WINDOWS\System32\msvcp_win.dll
[0524/003245:ERROR:process_reader_win.cc(232)] ReadMemory at 0x74b80000 of 64 bytes failed: 仅完成部分的 ReadProcessMemory 或 WriteProcessMemory 请求。 (0x12B)
[0524/003245:WARNING:pe_image_reader.cc(280)] could not read dos header from C:\WINDOWS\System32\OLEAUT32.dll
[0524/003245:ERROR:process_reader_win.cc(232)] ReadMemory at 0x74f80000 of 64 bytes failed: 仅完成部分的 ReadProcessMemory 或 WriteProcessMemory 请求。 (0x12B)
[0524/003245:WARNING:pe_image_reader.cc(280)] could not read dos header from C:\WINDOWS\System32\advapi32.dll
[0524/003245:ERROR:process_reader_win.cc(232)] ReadMemory at 0x57b20000 of 64 bytes failed: 仅完成部分的 ReadProcessMemory 或 WriteProcessMemory 请求。 (0x12B)
[0524/003245:WARNING:pe_image_reader.cc(280)] could not read dos header from C:\WINDOWS\SYSTEM32\MSACM32.dll
[0524/003245:ERROR:process_reader_win.cc(232)] ReadMemory at 0x73a30000 of 64 bytes failed: 仅完成部分的 ReadProcessMemory 或 WriteProcessMemory 请求。 (0x12B)
[0524/003245:WARNING:pe_image_reader.cc(280)] could not read dos header from C:\WINDOWS\SYSTEM32\VERSION.dll
[0524/003245:ERROR:process_reader_win.cc(232)] ReadMemory at 0x76f30000 of 64 bytes failed: 仅完成部分的 ReadProcessMemory 或 WriteProcessMemory 请求。 (0x12B)
[0524/003245:WARNING:pe_image_reader.cc(280)] could not read dos header from C:\WINDOWS\System32\powrprof.dll
[0524/003245:ERROR:process_reader_win.cc(232)] ReadMemory at 0x74dc0000 of 64 bytes failed: 仅完成部分的 ReadProcessMemory 或 WriteProcessMemory 请求。 (0x12B)
[0524/003245:WARNING:pe_image_reader.cc(280)] could not read dos header from C:\WINDOWS\System32\kernel.appcore.dll
[0524/003245:ERROR:process_reader_win.cc(232)] ReadMemory at 0x75000000 of 64 bytes failed: 仅完成部分的 ReadProcessMemory 或 WriteProcessMemory 请求。 (0x12B)
[0524/003245:WARNING:pe_image_reader.cc(280)] could not read dos header from C:\WINDOWS\System32\shcore.dll
[0524/003245:ERROR:process_reader_win.cc(232)] ReadMemory at 0x74db0000 of 64 bytes failed: 仅完成部分的 ReadProcessMemory 或 WriteProcessMemory 请求。 (0x12B)
[0524/003245:WARNING:pe_image_reader.cc(280)] could not read dos header from C:\WINDOWS\System32\profapi.dll
[0524/003245:ERROR:process_reader_win.cc(232)] ReadMemory at 0x769c0000 of 64 bytes failed: 仅完成部分的 ReadProcessMemory 或 WriteProcessMemory 请求。 (0x12B)
[0524/003245:WARNING:pe_image_reader.cc(280)] could not read dos header from C:\WINDOWS\System32\windows.storage.dll
[0524/003245:ERROR:process_reader_win.cc(232)] ReadMemory at 0x75380000 of 64 bytes failed: 仅完成部分的 ReadProcessMemory 或 WriteProcessMemory 请求。 (0x12B)
[0524/003245:WARNING:pe_image_reader.cc(280)] could not read dos header from C:\WINDOWS\System32\SHELL32.dll
[0524/003245:ERROR:process_reader_win.cc(232)] ReadMemory at 0x73a00000 of 64 bytes failed: 仅完成部分的 ReadProcessMemory 或 WriteProcessMemory 请求。 (0x12B)
[0524/003245:WARNING:pe_image_reader.cc(280)] could not read dos header from C:\WINDOWS\SYSTEM32\USERENV.dll
[0524/003245:ERROR:process_reader_win.cc(232)] ReadMemory at 0x70b10000 of 64 bytes failed: 仅完成部分的 ReadProcessMemory 或 WriteProcessMemory 请求。 (0x12B)
[0524/003245:WARNING:pe_image_reader.cc(280)] could not read dos header from C:\WINDOWS\SYSTEM32\dwmapi.dll
[0524/003245:ERROR:process_reader_win.cc(232)] ReadMemory at 0x71ba0000 of 64 bytes failed: 仅完成部分的 ReadProcessMemory 或 WriteProcessMemory 请求。 (0x12B)
[0524/003245:WARNING:pe_image_reader.cc(280)] could not read dos header from C:\WINDOWS\SYSTEM32\iertutil.dll
[0524/003245:ERROR:process_reader_win.cc(232)] ReadMemory at 0x71dd0000 of 64 bytes failed: 仅完成部分的 ReadProcessMemory 或 WriteProcessMemory 请求。 (0x12B)
[0524/003245:WARNING:pe_image_reader.cc(280)] could not read dos header from C:\WINDOWS\SYSTEM32\urlmon.dll
[0524/003245:ERROR:process_reader_win.cc(232)] ReadMemory at 0x72240000 of 64 bytes failed: 仅完成部分的 ReadProcessMemory 或 WriteProcessMemory 请求。 (0x12B)
[0524/003245:WARNING:pe_image_reader.cc(280)] could not read dos header from C:\WINDOWS\SYSTEM32\bcrypt.dll
[0524/003245:ERROR:process_reader_win.cc(232)] ReadMemory at 0x6e460000 of 64 bytes failed: 仅完成部分的 ReadProcessMemory 或 WriteProcessMemory 请求。 (0x12B)
[0524/003245:WARNING:pe_image_reader.cc(280)] could not read dos header from C:\WINDOWS\SYSTEM32\WINSPOOL.DRV
[0524/003245:ERROR:process_reader_win.cc(232)] ReadMemory at 0x6e4d0000 of 64 bytes failed: 仅完成部分的 ReadProcessMemory 或 WriteProcessMemory 请求。 (0x12B)
[0524/003245:WARNING:pe_image_reader.cc(280)] could not read dos header from C:\WINDOWS\SYSTEM32\MPR.dll
[0524/003245:ERROR:process_reader_win.cc(232)] ReadMemory at 0x57af0000 of 64 bytes failed: 仅完成部分的 ReadProcessMemory 或 WriteProcessMemory 请求。 (0x12B)
[0524/003245:WARNING:pe_image_reader.cc(280)] could not read dos header from C:\Program Files (x86)\Google\Chrome\Application\51.0.2704.106\chrome_elf.dll
[0524/003245:ERROR:process_reader_win.cc(232)] ReadMemory at 0x73a20000 of 64 bytes failed: 仅完成部分的 ReadProcessMemory 或 WriteProcessMemory 请求。 (0x12B)
[0524/003245:WARNING:pe_image_reader.cc(280)] could not read dos header from C:\WINDOWS\SYSTEM32\WTSAPI32.dll
[0524/003245:ERROR:process_reader_win.cc(232)] ReadMemory at 0x6ec20000 of 64 bytes failed: 仅完成部分的 ReadProcessMemory 或 WriteProcessMemory 请求。 (0x12B)
[0524/003245:WARNING:pe_image_reader.cc(280)] could not read dos header from C:\WINDOWS\SYSTEM32\WINHTTP.dll
[0524/003245:ERROR:process_reader_win.cc(232)] ReadMemory at 0x57aa0000 of 64 bytes failed: 仅完成部分的 ReadProcessMemory 或 WriteProcessMemory 请求。 (0x12B)
[0524/003245:WARNING:pe_image_reader.cc(280)] could not read dos header from C:\WINDOWS\SYSTEM32\ninput.dll
[0524/003245:ERROR:process_reader_win.cc(232)] ReadMemory at 0x76f80000 of 64 bytes failed: 仅完成部分的 ReadProcessMemory 或 WriteProcessMemory 请求。 (0x12B)
[0524/003245:WARNING:pe_image_reader.cc(280)] could not read dos header from C:\WINDOWS\System32\PSAPI.DLL
[0524/003245:ERROR:process_reader_win.cc(232)] ReadMemory at 0x74430000 of 64 bytes failed: 仅完成部分的 ReadProcessMemory 或 WriteProcessMemory 请求。 (0x12B)
[0524/003245:WARNING:pe_image_reader.cc(280)] could not read dos header from C:\WINDOWS\System32\WS2_32.dll
[0524/003245:ERROR:process_reader_win.cc(232)] ReadMemory at 0x73410000 of 64 bytes failed: 仅完成部分的 ReadProcessMemory 或 WriteProcessMemory 请求。 (0x12B)
[0524/003245:WARNING:pe_image_reader.cc(280)] could not read dos header from C:\WINDOWS\SYSTEM32\NETAPI32.dll
[0524/003245:ERROR:process_reader_win.cc(232)] ReadMemory at 0x6d860000 of 64 bytes failed: 仅完成部分的 ReadProcessMemory 或 WriteProcessMemory 请求。 (0x12B)
[0524/003245:WARNING:pe_image_reader.cc(280)] could not read dos header from C:\WINDOWS\SYSTEM32\WKSCLI.DLL
[0524/003245:ERROR:process_reader_win.cc(232)] ReadMemory at 0x72bf0000 of 64 bytes failed: 仅完成部分的 ReadProcessMemory 或 WriteProcessMemory 请求。 (0x12B)
[0524/003245:WARNING:pe_image_reader.cc(280)] could not read dos header from C:\WINDOWS\SYSTEM32\NETUTILS.DLL
[0524/003245:ERROR:process_reader_win.cc(232)] ReadMemory at 0x65d70000 of 64 bytes failed: 仅完成部分的 ReadProcessMemory 或 WriteProcessMemory 请求。 (0x12B)
[0524/003245:WARNING:pe_image_reader.cc(280)] could not read dos header from C:\Program Files (x86)\360\360safe\safemon\safemon.dll
[0524/003245:ERROR:process_reader_win.cc(232)] ReadMemory at 0x57280000 of 64 bytes failed: 仅完成部分的 ReadProcessMemory 或 WriteProcessMemory 请求。 (0x12B)
[0524/003245:WARNING:pe_image_reader.cc(280)] could not read dos header from C:\Program Files (x86)\360\360safe\safemon\iNetSafe.dll
[0524/003245:ERROR:process_reader_win.cc(232)] ReadMemory at 0x6a870000 of 64 bytes failed: 仅完成部分的 ReadProcessMemory 或 WriteProcessMemory 请求。 (0x12B)
[0524/003245:WARNING:pe_image_reader.cc(280)] could not read dos header from C:\WINDOWS\WinSxS\x86_microsoft.windows.common-controls_6595b64144ccf1df_6.0.14393.447_none_89c64d28dafea4b9\COMCTL32.dll
[0524/003245:ERROR:process_reader_win.cc(232)] ReadMemory at 0x73a70000 of 64 bytes failed: 仅完成部分的 ReadProcessMemory 或 WriteProcessMemory 请求。 (0x12B)
[0524/003245:WARNING:pe_image_reader.cc(280)] could not read dos header from C:\WINDOWS\System32\COMDLG32.dll
[0524/003245:ERROR:process_reader_win.cc(232)] ReadMemory at 0x73370000 of 64 bytes failed: 仅完成部分的 ReadProcessMemory 或 WriteProcessMemory 请求。 (0x12B)
[0524/003245:WARNING:pe_image_reader.cc(280)] could not read dos header from C:\WINDOWS\SYSTEM32\IPHLPAPI.DLL
[0524/003245:ERROR:process_reader_win.cc(232)] ReadMemory at 0x6a850000 of 64 bytes failed: 仅完成部分的 ReadProcessMemory 或 WriteProcessMemory 请求。 (0x12B)
[0524/003245:WARNING:pe_image_reader.cc(280)] could not read dos header from C:\WINDOWS\SYSTEM32\USP10.dll
[0524/003245:ERROR:process_reader_win.cc(232)] ReadMemory at 0x74130000 of 64 bytes failed: 仅完成部分的 ReadProcessMemory 或 WriteProcessMemory 请求。 (0x12B)
[0524/003245:WARNING:pe_image_reader.cc(280)] could not read dos header from C:\WINDOWS\System32\MSASN1.dll
[0524/003245:ERROR:process_reader_win.cc(232)] ReadMemory at 0x73b60000 of 64 bytes failed: 仅完成部分的 ReadProcessMemory 或 WriteProcessMemory 请求。 (0x12B)
[0524/003245:WARNING:pe_image_reader.cc(280)] could not read dos header from C:\WINDOWS\System32\CRYPT32.dll
[0524/003245:ERROR:process_reader_win.cc(232)] ReadMemory at 0x74dd0000 of 64 bytes failed: 仅完成部分的 ReadProcessMemory 或 WriteProcessMemory 请求。 (0x12B)
[0524/003245:WARNING:pe_image_reader.cc(280)] could not read dos header from C:\WINDOWS\System32\WINTRUST.dll
[0524/003245:ERROR:process_reader_win.cc(232)] ReadMemory at 0x72cb0000 of 64 bytes failed: 仅完成部分的 ReadProcessMemory 或 WriteProcessMemory 请求。 (0x12B)
[0524/003245:WARNING:pe_image_reader.cc(280)] could not read dos header from C:\WINDOWS\SYSTEM32\Secur32.dll
[0524/003245:ERROR:process_reader_win.cc(232)] ReadMemory at 0xf840000 of 64 bytes failed: 仅完成部分的 ReadProcessMemory 或 WriteProcessMemory 请求。 (0x12B)
[0524/003245:WARNING:pe_image_reader.cc(280)] could not read dos header from C:\Program Files (x86)\Google\Chrome\Application\51.0.2704.106\chrome_child.dll
[0524/003245:ERROR:process_reader_win.cc(232)] ReadMemory at 0x5be40000 of 64 bytes failed: 仅完成部分的 ReadProcessMemory 或 WriteProcessMemory 请求。 (0x12B)
[0524/003245:WARNING:pe_image_reader.cc(280)] could not read dos header from C:\WINDOWS\SYSTEM32\dwrite.dll
[0524/003245:ERROR:process_reader_win.cc(232)] ReadMemory at 0xfcc374 of 12 bytes failed: 仅完成部分的 ReadProcessMemory 或 WriteProcessMemory 请求。 (0x12B)
[0524/003245:WARNING:process_snapshot_win.cc(102)] ReadMemory ExceptionInformation failed
[0524/003245:WARNING:crash_report_exception_handler.cc(60)] ProcessSnapshotWin::InitializeException failed
[0524/003245:ERROR:scoped_process_suspend.cc(38)] NtResumeProcess, ntstatus=-1073741558
